2023-11-27T18:02:34.912Z [32minfo[39m: We are currently in the login method of the AuthService
2023-11-27T18:03:21.357Z [32minfo[39m: We are currently in the login method of the AuthService
2023-11-27T22:05:20.953Z [32minfo[39m: Starting server at http://localhost:3009
2023-11-27T22:08:32.115Z [32minfo[39m: Starting server at http://localhost:3009
2023-11-27T22:10:58.487Z [32minfo[39m: Starting server at http://localhost:3009
2023-11-27T22:11:12.655Z [32minfo[39m: Starting server at http://localhost:3009
2023-11-27T22:11:37.520Z [32minfo[39m: Starting server at http://localhost:3009
2023-11-27T22:11:57.255Z [32minfo[39m: Starting server at http://localhost:3009
2023-11-27T22:12:07.713Z [32minfo[39m: Starting server at http://localhost:3009
2023-11-27T22:12:10.558Z [32minfo[39m: Starting server at http://localhost:3009
2023-11-27T22:13:24.160Z [32minfo[39m: Starting server at http://localhost:3009
2023-11-27T22:13:38.475Z [32minfo[39m: Starting server at http://localhost:3009
2023-11-27T22:13:58.058Z [32minfo[39m: Starting server at http://localhost:3009
2023-11-27T22:15:02.778Z [32minfo[39m: Starting server at http://localhost:3009
2023-11-27T22:18:48.651Z [32minfo[39m: Starting server at http://localhost:3009
2023-11-27T22:21:46.799Z [32minfo[39m: Starting server at http://localhost:3009
2023-11-27T22:23:00.424Z [32minfo[39m: Starting server at http://localhost:3009
2023-11-27T22:23:01.642Z [32minfo[39m: Starting server at http://localhost:3009
2023-11-27T22:30:28.931Z [31merror[39m: Database Connection Failed
2023-11-27T22:30:28.919Z [32minfo[39m: Starting server at http://localhost:3009
2023-11-27T22:30:28.931Z [32minfo[39m: Database Connected Successfully
2023-11-27T22:32:16.547Z [32minfo[39m: Starting server at http://localhost:3009
2023-11-27T22:32:16.556Z [32minfo[39m: Database Connected Successfully
2023-11-27T22:33:02.124Z [32minfo[39m: Starting server at http://localhost:3009
2023-11-27T22:33:02.333Z [32minfo[39m: Database Connected Successfully
2023-11-27T22:34:41.465Z [32minfo[39m: Starting server at http://localhost:3009
2023-11-27T22:34:41.482Z [32minfo[39m: Database Connected Successfully
2023-11-27T22:35:02.882Z [32minfo[39m: Starting server at http://localhost:3009
2023-11-27T22:35:02.960Z [32minfo[39m: Database Connected Successfully
2023-11-27T22:51:07.065Z [32minfo[39m: Starting server at http://localhost:3009
2023-11-27T22:51:07.075Z [32minfo[39m: Database Connected Successfully
2023-11-27T22:52:01.867Z [32minfo[39m: Starting server at http://localhost:3009
2023-11-27T22:52:01.877Z [32minfo[39m: Database Connected Successfully
2023-11-27T22:52:17.558Z [32minfo[39m: Starting server at http://localhost:3009
2023-11-27T22:52:59.782Z [32minfo[39m: Starting server at http://localhost:3009
2023-11-27T22:52:59.797Z [32minfo[39m: Database Connected Successfully
2023-11-27T22:54:23.103Z [32minfo[39m: Starting server at http://localhost:3009
2023-11-27T22:55:33.378Z [32minfo[39m: Starting server at http://localhost:3009
2023-11-27T22:55:49.599Z [32minfo[39m: Starting server at http://localhost:3009
2023-11-27T23:01:17.420Z [31merror[39m: 80CE9445F87F0000:error:0A000438:SSL routines:ssl3_read_bytes:tlsv1 alert internal error:ssl/record/rec_layer_s3.c:1586:SSL alert number 80

2023-11-27T23:07:37.040Z [31merror[39m: bad auth : authentication failed
2023-11-27T23:10:10.501Z [31merror[39m: await is not defined
2023-11-27T23:10:32.495Z [31merror[39m: 80CE9445F87F0000:error:0A000438:SSL routines:ssl3_read_bytes:tlsv1 alert internal error:ssl/record/rec_layer_s3.c:1586:SSL alert number 80

2023-11-27T23:10:32.501Z [31merror[39m: MongoDB Connection Error
2023-11-27T23:11:54.868Z [31merror[39m: undefined
2023-11-27T23:11:54.873Z [31merror[39m: MongoDB Connection Error
2023-11-27T23:12:19.383Z [31merror[39m: bad auth : authentication failed
2023-11-27T23:12:19.388Z [31merror[39m: MongoDB Connection Error
2023-11-27T23:13:32.832Z [31merror[39m: 80CE9445F87F0000:error:0A000438:SSL routines:ssl3_read_bytes:tlsv1 alert internal error:ssl/record/rec_layer_s3.c:1586:SSL alert number 80

2023-11-27T23:13:32.840Z [32minfo[39m: Starting server at http://localhost:3009
2023-11-27T23:14:59.668Z [31merror[39m: 80CE9445F87F0000:error:0A000438:SSL routines:ssl3_read_bytes:tlsv1 alert internal error:ssl/record/rec_layer_s3.c:1586:SSL alert number 80

2023-11-27T23:15:59.731Z [31merror[39m: 80CE9445F87F0000:error:0A000438:SSL routines:ssl3_read_bytes:tlsv1 alert internal error:ssl/record/rec_layer_s3.c:1586:SSL alert number 80

2023-11-27T23:15:59.735Z [31merror[39m: MongoDB Connection Error
2023-11-27T23:17:00.231Z [31merror[39m: bad auth : authentication failed
2023-11-27T23:17:00.236Z [31merror[39m: Error connecting in Server: Error: MongoDB Connection Error
2023-11-27T23:17:28.198Z [31merror[39m: 80CE9445F87F0000:error:0A000438:SSL routines:ssl3_read_bytes:tlsv1 alert internal error:ssl/record/rec_layer_s3.c:1586:SSL alert number 80

2023-11-27T23:17:28.203Z [31merror[39m: Error connecting in Server: Error: MongoDB Connection Error Here
2023-11-27T23:18:45.282Z [31merror[39m: 80CE9445F87F0000:error:0A000438:SSL routines:ssl3_read_bytes:tlsv1 alert internal error:ssl/record/rec_layer_s3.c:1586:SSL alert number 80

2023-11-27T23:18:45.287Z [31merror[39m: Error Connecting to MongoDB, Reason: 80CE9445F87F0000:error:0A000438:SSL routines:ssl3_read_bytes:tlsv1 alert internal error:ssl/record/rec_layer_s3.c:1586:SSL alert number 80

2023-11-27T23:20:04.935Z [31merror[39m: Error Connecting to MongoDB, Reason: options usecreateindex, usefindandmodify are not supported
2023-11-27T23:20:04.930Z [31merror[39m: options usecreateindex, usefindandmodify are not supported
2023-11-27T23:20:38.611Z [31merror[39m: 80CE9445F87F0000:error:0A000438:SSL routines:ssl3_read_bytes:tlsv1 alert internal error:ssl/record/rec_layer_s3.c:1586:SSL alert number 80

2023-11-27T23:20:38.616Z [31merror[39m: Error Connecting to MongoDB, Reason: 80CE9445F87F0000:error:0A000438:SSL routines:ssl3_read_bytes:tlsv1 alert internal error:ssl/record/rec_layer_s3.c:1586:SSL alert number 80

2023-11-27T23:22:42.381Z [31merror[39m: 80CE9445F87F0000:error:0A000438:SSL routines:ssl3_read_bytes:tlsv1 alert internal error:ssl/record/rec_layer_s3.c:1586:SSL alert number 80

2023-11-27T23:22:42.389Z [31merror[39m: Error Connecting to MongoDB, Reason: 80CE9445F87F0000:error:0A000438:SSL routines:ssl3_read_bytes:tlsv1 alert internal error:ssl/record/rec_layer_s3.c:1586:SSL alert number 80

2023-11-27T23:22:46.101Z [31merror[39m: 80CE9445F87F0000:error:0A000438:SSL routines:ssl3_read_bytes:tlsv1 alert internal error:ssl/record/rec_layer_s3.c:1586:SSL alert number 80

2023-11-27T23:22:46.106Z [31merror[39m: Error Connecting to MongoDB, Reason: 80CE9445F87F0000:error:0A000438:SSL routines:ssl3_read_bytes:tlsv1 alert internal error:ssl/record/rec_layer_s3.c:1586:SSL alert number 80

2023-11-27T23:23:10.966Z [31merror[39m: bad auth : authentication failed
2023-11-27T23:23:10.971Z [31merror[39m: Error Connecting to MongoDB, Reason: bad auth : authentication failed
2023-11-27T23:23:27.196Z [31merror[39m: 80CE9445F87F0000:error:0A000438:SSL routines:ssl3_read_bytes:tlsv1 alert internal error:ssl/record/rec_layer_s3.c:1586:SSL alert number 80

2023-11-27T23:23:27.201Z [31merror[39m: Error Connecting to MongoDB, Reason: 80CE9445F87F0000:error:0A000438:SSL routines:ssl3_read_bytes:tlsv1 alert internal error:ssl/record/rec_layer_s3.c:1586:SSL alert number 80

2023-11-27T23:26:44.962Z [31merror[39m: 80CE9445F87F0000:error:0A000438:SSL routines:ssl3_read_bytes:tlsv1 alert internal error:ssl/record/rec_layer_s3.c:1586:SSL alert number 80

2023-11-27T23:26:44.974Z [31merror[39m: Error Connecting to MongoDB, Reason: 80CE9445F87F0000:error:0A000438:SSL routines:ssl3_read_bytes:tlsv1 alert internal error:ssl/record/rec_layer_s3.c:1586:SSL alert number 80

2023-11-27T23:27:38.982Z [31merror[39m: 80CE9445F87F0000:error:0A000438:SSL routines:ssl3_read_bytes:tlsv1 alert internal error:ssl/record/rec_layer_s3.c:1586:SSL alert number 80

2023-11-27T23:27:38.987Z [31merror[39m: Error Connecting to MongoDB, Reason: 80CE9445F87F0000:error:0A000438:SSL routines:ssl3_read_bytes:tlsv1 alert internal error:ssl/record/rec_layer_s3.c:1586:SSL alert number 80

2023-11-27T23:33:25.420Z [31merror[39m: Could not connect to any servers in your MongoDB Atlas cluster. One common reason is that you're trying to access the database from an IP that isn't whitelisted. Make sure your current IP address is on your Atlas cluster's IP whitelist: https://www.mongodb.com/docs/atlas/security-whitelist/
2023-11-27T23:33:25.425Z [31merror[39m: Error Connecting to MongoDB, Reason: Could not connect to any servers in your MongoDB Atlas cluster. One common reason is that you're trying to access the database from an IP that isn't whitelisted. Make sure your current IP address is on your Atlas cluster's IP whitelist: https://www.mongodb.com/docs/atlas/security-whitelist/
2023-11-27T23:34:24.152Z [32minfo[39m: MongoDB Connected
2023-11-27T23:34:24.160Z [32minfo[39m: Starting server at http://localhost:3009
2023-11-27T23:35:19.126Z [32minfo[39m: Starting server at http://localhost:3009
2023-11-27T23:35:40.690Z [32minfo[39m: Database Connected Successfully
2023-11-27T23:35:40.695Z [32minfo[39m: Starting server at http://localhost:3009
2023-11-27T23:37:20.531Z [32minfo[39m: Database Connected Successfully
2023-11-27T23:37:20.540Z [32minfo[39m: Starting server at http://localhost:3009
2023-11-27T23:38:20.217Z [32minfo[39m: Database Connected Successfully
2023-11-27T23:38:20.223Z [32minfo[39m: Starting server at http://localhost:3009
2023-11-27T23:38:25.979Z [32minfo[39m: Database Connected Successfully
2023-11-27T23:38:25.989Z [32minfo[39m: Starting server at http://localhost:3009
2023-11-27T23:40:17.215Z [32minfo[39m: Database Connected Successfully
2023-11-27T23:40:17.223Z [32minfo[39m: Starting server at http://localhost:3009
2023-11-27T23:42:45.553Z [32minfo[39m: Database Connected Successfully
2023-11-27T23:42:45.562Z [32minfo[39m: Starting server at http://localhost:3009
2023-11-27T23:43:13.413Z [32minfo[39m: Database Connected Successfully
2023-11-27T23:43:13.424Z [32minfo[39m: Starting server at http://localhost:3009
2023-11-27T23:45:28.723Z [32minfo[39m: Database Connected Successfully
2023-11-27T23:45:28.740Z [32minfo[39m: Starting server at http://localhost:3009
2023-11-27T23:46:09.888Z [32minfo[39m: Database Connected Successfully
2023-11-27T23:46:09.895Z [32minfo[39m: Starting server at http://localhost:3009
2023-11-27T23:46:39.370Z [32minfo[39m: Database Connected Successfully
2023-11-27T23:46:39.388Z [32minfo[39m: Starting server at http://localhost:3009
2023-11-27T23:48:08.005Z [32minfo[39m: Database Connected Successfully
2023-11-27T23:48:08.013Z [32minfo[39m: Starting server at http://localhost:3009
2023-11-27T23:51:07.055Z [32minfo[39m: Database Connected Successfully
2023-11-27T23:51:07.063Z [32minfo[39m: Starting server at http://localhost:3009
2023-11-27T23:52:16.501Z [32minfo[39m: Database Connected Successfully
2023-11-27T23:52:16.510Z [32minfo[39m: Starting server at http://localhost:3009
2023-11-27T23:55:15.326Z [32minfo[39m: Database Connected Successfully
2023-11-27T23:55:15.334Z [32minfo[39m: Starting server at http://localhost:3009
2023-11-27T23:55:50.126Z [32minfo[39m: Database Connected Successfully
2023-11-27T23:55:50.141Z [32minfo[39m: Starting server at http://localhost:3009
2023-11-27T23:55:54.103Z [32minfo[39m: Database Connected Successfully
2023-11-27T23:55:54.117Z [32minfo[39m: Starting server at http://localhost:3009
2023-11-27T23:57:06.606Z [32minfo[39m: Database Connected Successfully
2023-11-27T23:57:06.612Z [32minfo[39m: Starting server at http://localhost:3009
2023-11-27T23:59:38.390Z [32minfo[39m: Database Connected Successfully
2023-11-27T23:59:38.399Z [32minfo[39m: Starting server at http://localhost:3009
2023-11-28T00:02:26.509Z [32minfo[39m: Database Connected Successfully
2023-11-28T00:02:26.517Z [32minfo[39m: Starting server at http://localhost:3009
2023-11-28T00:02:54.682Z [32minfo[39m: Database Connected Successfully
2023-11-28T00:02:54.693Z [32minfo[39m: Starting server at http://localhost:3009
2023-11-28T00:12:54.487Z [32minfo[39m: Database Connected Successfully
2023-11-28T00:12:54.498Z [32minfo[39m: Starting server at http://localhost:3009
2023-11-28T00:13:50.647Z [32minfo[39m: Database Connected Successfully
2023-11-28T00:13:50.661Z [32minfo[39m: Starting server at http://localhost:3009
2023-11-28T00:17:51.032Z [32minfo[39m: Database Connected Successfully
2023-11-28T00:17:51.041Z [32minfo[39m: Starting server at http://localhost:3009
2023-11-28T00:18:52.448Z [32minfo[39m: Database Connected Successfully
2023-11-28T00:18:52.464Z [32minfo[39m: Starting server at http://localhost:3009
2023-11-28T00:19:44.377Z [32minfo[39m: Database Connected Successfully
2023-11-28T00:19:44.386Z [32minfo[39m: Starting server at http://localhost:3009
2023-11-28T00:20:20.113Z [32minfo[39m: Database Connected Successfully
2023-11-28T00:20:20.122Z [32minfo[39m: Starting server at http://localhost:3009
2023-11-28T00:20:50.807Z [32minfo[39m: Database Connected Successfully
2023-11-28T00:20:50.811Z [32minfo[39m: Starting server at http://localhost:3009
2023-11-28T00:22:06.495Z [32minfo[39m: Database Connected Successfully
2023-11-28T00:22:06.503Z [32minfo[39m: Starting server at http://localhost:3009
2023-11-28T00:22:51.685Z [32minfo[39m: Database Connected Successfully
2023-11-28T00:22:51.691Z [32minfo[39m: Starting server at http://localhost:3009
2023-11-28T00:23:36.052Z [32minfo[39m: Database Connected Successfully
2023-11-28T00:23:36.058Z [32minfo[39m: Starting server at http://localhost:3009
2023-11-28T00:24:23.279Z [32minfo[39m: Database Connected Successfully
2023-11-28T00:24:23.287Z [32minfo[39m: Starting server at http://localhost:3009
2023-11-28T01:05:04.594Z [32minfo[39m: Database Connected Successfully
2023-11-28T01:05:04.600Z [32minfo[39m: Starting server at http://localhost:3009
2023-11-28T01:25:46.763Z [32minfo[39m: Database Connected Successfully
2023-11-28T01:25:46.768Z [32minfo[39m: Starting server at http://localhost:3009
2023-11-28T02:09:52.627Z [32minfo[39m: Database Connected Successfully
2023-11-28T02:09:52.637Z [32minfo[39m: Starting server at http://localhost:3009
2023-11-28T02:12:53.376Z [32minfo[39m: Database Connected Successfully
2023-11-28T02:12:53.383Z [32minfo[39m: Starting server at http://localhost:3009
2023-11-28T02:18:13.117Z [32minfo[39m: Database Connected Successfully
2023-11-28T02:18:13.129Z [32minfo[39m: Starting server at http://localhost:3009
2023-11-28T02:19:23.634Z [32minfo[39m: Database Connected Successfully
2023-11-28T02:19:23.642Z [32minfo[39m: Starting server at http://localhost:3009
2023-11-28T02:19:36.326Z [32minfo[39m: Database Connected Successfully
2023-11-28T02:19:36.335Z [32minfo[39m: Starting server at http://localhost:3009
2023-11-28T02:19:39.559Z [32minfo[39m: Database Connected Successfully
2023-11-28T02:19:39.568Z [32minfo[39m: Starting server at http://localhost:3009
2023-11-28T02:20:32.740Z [32minfo[39m: Database Connected Successfully
2023-11-28T02:20:32.750Z [32minfo[39m: Starting server at http://localhost:3009
2023-11-28T02:20:36.845Z [31merror[39m: User validation failed: password: Path `password` is required.
2023-11-28T02:25:28.960Z [32minfo[39m: Database Connected Successfully
2023-11-28T02:25:28.970Z [32minfo[39m: Starting server at http://localhost:3009
2023-11-28T02:27:34.642Z [32minfo[39m: Database Connected Successfully
2023-11-28T02:27:34.659Z [32minfo[39m: Starting server at http://localhost:3009
2023-11-28T02:31:28.487Z [32minfo[39m: Database Connected Successfully
2023-11-28T02:31:28.494Z [32minfo[39m: Starting server at http://localhost:3009
2023-11-28T02:35:14.270Z [32minfo[39m: Database Connected Successfully
2023-11-28T02:35:14.293Z [32minfo[39m: Starting server at http://localhost:3009
2023-11-28T10:14:00.236Z [32minfo[39m: Database Connected Successfully
2023-11-28T10:14:00.261Z [32minfo[39m: Starting server at http://localhost:3009
2023-11-28T10:19:18.669Z [32minfo[39m: Database Connected Successfully
2023-11-28T10:19:18.678Z [32minfo[39m: Starting server at http://localhost:3009
2023-11-28T10:20:29.587Z [32minfo[39m: Database Connected Successfully
2023-11-28T10:20:29.596Z [32minfo[39m: Starting server at http://localhost:3009
2023-11-28T10:27:38.094Z [32minfo[39m: Database Connected Successfully
2023-11-28T10:27:38.104Z [32minfo[39m: Starting server at http://localhost:3009
2023-11-28T11:00:31.570Z [31merror[39m: querySrv ECONNREFUSED _mongodb._tcp.cluster0.wvrwpyl.mongodb.net
2023-11-28T11:00:31.574Z [31merror[39m: Error Connecting to MongoDB, Reason: querySrv ECONNREFUSED _mongodb._tcp.cluster0.wvrwpyl.mongodb.net
2023-11-28T11:28:55.360Z [32minfo[39m: Database Connected Successfully
2023-11-28T11:28:55.365Z [32minfo[39m: Starting server at http://localhost:3009
2023-11-28T11:39:16.984Z [32minfo[39m: Database Connected Successfully
2023-11-28T11:39:16.994Z [32minfo[39m: Starting server at http://localhost:3009
2023-11-28T13:14:57.796Z [32minfo[39m: Database Connected Successfully
2023-11-28T13:14:57.805Z [32minfo[39m: Starting server at http://localhost:3009
2023-11-28T13:17:45.972Z [32minfo[39m: Database Connected Successfully
2023-11-28T13:17:45.982Z [32minfo[39m: Starting server at http://localhost:3009
2023-11-28T13:38:53.155Z [32minfo[39m: Database Connected Successfully
2023-11-28T13:38:53.165Z [32minfo[39m: Starting server at http://localhost:3009
2023-11-28T15:35:18.484Z [32minfo[39m: Database Connected Successfully
2023-11-28T15:35:18.505Z [32minfo[39m: Starting server at http://localhost:3009
2023-11-28T15:44:24.264Z [32minfo[39m: Database Connected Successfully
2023-11-28T15:44:24.297Z [32minfo[39m: Starting server at http://localhost:3009
2023-11-28T15:45:06.270Z [32minfo[39m: Database Connected Successfully
2023-11-28T15:45:06.281Z [32minfo[39m: Starting server at http://localhost:3009
2023-11-28T15:53:58.390Z [32minfo[39m: Database Connected Successfully
2023-11-28T15:53:58.399Z [32minfo[39m: Starting server at http://localhost:3009
2023-11-28T15:54:35.775Z [32minfo[39m: Database Connected Successfully
2023-11-28T15:54:35.785Z [32minfo[39m: Starting server at http://localhost:3009
2023-11-28T16:01:42.893Z [32minfo[39m: Database Connected Successfully
2023-11-28T16:01:42.904Z [32minfo[39m: Starting server at http://localhost:3009
2023-11-28T17:00:49.746Z [32minfo[39m: Database Connected Successfully
2023-11-28T17:00:49.758Z [32minfo[39m: Starting server at http://localhost:3009
2023-11-28T17:01:22.052Z [32minfo[39m: Database Connected Successfully
2023-11-28T17:01:22.060Z [32minfo[39m: Starting server at http://localhost:3009
2023-11-28T17:01:42.500Z [32minfo[39m: Database Connected Successfully
2023-11-28T17:01:42.509Z [32minfo[39m: Starting server at http://localhost:3009
2023-11-28T17:02:37.732Z [32minfo[39m: Database Connected Successfully
2023-11-28T17:02:37.745Z [32minfo[39m: Starting server at http://localhost:3009
2023-11-28T17:03:04.600Z [32minfo[39m: Database Connected Successfully
2023-11-28T17:03:04.608Z [32minfo[39m: Starting server at http://localhost:3009
2023-11-28T17:04:36.464Z [32minfo[39m: Database Connected Successfully
2023-11-28T17:04:36.473Z [32minfo[39m: Starting server at http://localhost:3009
2023-11-28T17:05:05.237Z [32minfo[39m: Database Connected Successfully
2023-11-28T17:05:05.245Z [32minfo[39m: Starting server at http://localhost:3009
2023-11-28T17:06:44.552Z [32minfo[39m: Database Connected Successfully
2023-11-28T17:06:44.564Z [32minfo[39m: Starting server at http://localhost:3009
2023-11-28T17:07:20.315Z [32minfo[39m: Database Connected Successfully
2023-11-28T17:07:20.324Z [32minfo[39m: Starting server at http://localhost:3009
2023-11-28T17:08:27.667Z [32minfo[39m: Database Connected Successfully
2023-11-28T17:08:27.685Z [32minfo[39m: Starting server at http://localhost:3009
2023-11-28T17:08:52.477Z [32minfo[39m: Database Connected Successfully
2023-11-28T17:08:52.487Z [32minfo[39m: Starting server at http://localhost:3009
2023-11-28T17:12:33.210Z [32minfo[39m: Database Connected Successfully
2023-11-28T17:12:33.222Z [32minfo[39m: Starting server at http://localhost:3009
2023-11-28T17:13:51.546Z [32minfo[39m: Database Connected Successfully
2023-11-28T17:13:51.557Z [32minfo[39m: Starting server at http://localhost:3009
2023-11-28T17:15:05.584Z [32minfo[39m: Database Connected Successfully
2023-11-28T17:15:05.600Z [32minfo[39m: Starting server at http://localhost:3009
2023-11-28T17:16:25.677Z [32minfo[39m: Database Connected Successfully
2023-11-28T17:16:25.698Z [32minfo[39m: Starting server at http://localhost:3009
2023-11-28T17:16:54.165Z [32minfo[39m: Database Connected Successfully
2023-11-28T17:16:54.177Z [32minfo[39m: Starting server at http://localhost:3009
2023-11-28T17:20:13.362Z [32minfo[39m: Database Connected Successfully
2023-11-28T17:20:13.373Z [32minfo[39m: Starting server at http://localhost:3009
2023-11-29T05:16:05.904Z [32minfo[39m: Database Connected Successfully
2023-11-29T05:16:05.937Z [32minfo[39m: Starting server at http://localhost:3009
2023-11-29T05:16:45.390Z [32minfo[39m: Database Connected Successfully
2023-11-29T05:16:45.398Z [32minfo[39m: Starting server at http://localhost:3009
2023-11-29T05:17:36.064Z [32minfo[39m: Database Connected Successfully
2023-11-29T05:17:36.073Z [32minfo[39m: Starting server at http://localhost:3009
2023-11-29T05:19:05.157Z [32minfo[39m: Database Connected Successfully
2023-11-29T05:19:05.174Z [32minfo[39m: Starting server at http://localhost:3009
2023-11-29T05:24:12.983Z [32minfo[39m: Database Connected Successfully
2023-11-29T05:24:12.993Z [32minfo[39m: Starting server at http://localhost:3009
2023-11-29T05:27:04.239Z [32minfo[39m: Database Connected Successfully
2023-11-29T05:27:04.265Z [32minfo[39m: Starting server at http://localhost:3009
2023-11-29T05:37:13.583Z [32minfo[39m: Database Connected Successfully
2023-11-29T05:37:13.591Z [32minfo[39m: Starting server at http://localhost:3009
2023-11-29T06:03:46.023Z [32minfo[39m: Database Connected Successfully
2023-11-29T06:03:46.035Z [32minfo[39m: Starting server at http://localhost:3009
2023-11-29T06:05:12.425Z [32minfo[39m: Database Connected Successfully
2023-11-29T06:05:12.434Z [32minfo[39m: Starting server at http://localhost:3009
2023-11-29T06:10:10.215Z [32minfo[39m: Database Connected Successfully
2023-11-29T06:10:10.224Z [32minfo[39m: Starting server at http://localhost:3009
2023-11-29T06:12:21.702Z [32minfo[39m: Database Connected Successfully
2023-11-29T06:12:21.712Z [32minfo[39m: Starting server at http://localhost:3009
2023-11-29T06:16:31.496Z [32minfo[39m: Database Connected Successfully
2023-11-29T06:16:31.505Z [32minfo[39m: Starting server at http://localhost:3009
2023-11-29T06:18:30.132Z [32minfo[39m: Database Connected Successfully
2023-11-29T06:18:30.144Z [32minfo[39m: Starting server at http://localhost:3009
2023-11-29T06:18:53.105Z [32minfo[39m: Database Connected Successfully
2023-11-29T06:18:53.112Z [32minfo[39m: Starting server at http://localhost:3009
2023-11-29T06:19:35.429Z [32minfo[39m: Database Connected Successfully
2023-11-29T06:19:35.440Z [32minfo[39m: Starting server at http://localhost:3009
2023-11-29T06:21:11.909Z [32minfo[39m: Database Connected Successfully
2023-11-29T06:21:11.918Z [32minfo[39m: Starting server at http://localhost:3009
2023-11-29T06:21:28.780Z [32minfo[39m: Database Connected Successfully
2023-11-29T06:21:28.799Z [32minfo[39m: Starting server at http://localhost:3009
2023-11-29T06:22:14.720Z [32minfo[39m: Database Connected Successfully
2023-11-29T06:22:14.731Z [32minfo[39m: Starting server at http://localhost:3009
2023-11-29T06:25:56.566Z [32minfo[39m: Database Connected Successfully
2023-11-29T06:25:56.575Z [32minfo[39m: Starting server at http://localhost:3009
2023-11-29T06:27:04.220Z [32minfo[39m: Database Connected Successfully
2023-11-29T06:27:04.236Z [32minfo[39m: Starting server at http://localhost:3009
2023-11-29T06:27:11.035Z [32minfo[39m: Database Connected Successfully
2023-11-29T06:27:11.046Z [32minfo[39m: Starting server at http://localhost:3009
2023-11-29T06:30:23.388Z [32minfo[39m: Database Connected Successfully
2023-11-29T06:30:23.436Z [32minfo[39m: Starting server at http://localhost:3009
2023-11-29T06:30:56.895Z [32minfo[39m: Database Connected Successfully
2023-11-29T06:30:56.914Z [32minfo[39m: Starting server at http://localhost:3009
2023-11-29T06:31:04.522Z [32minfo[39m: Database Connected Successfully
2023-11-29T06:31:04.547Z [32minfo[39m: Starting server at http://localhost:3009
2023-11-29T06:31:33.381Z [32minfo[39m: Database Connected Successfully
2023-11-29T06:31:33.393Z [32minfo[39m: Starting server at http://localhost:3009
2023-11-29T06:39:06.496Z [32minfo[39m: Database Connected Successfully
2023-11-29T06:39:06.521Z [32minfo[39m: Starting server at http://localhost:3009
2023-11-29T09:54:45.347Z [32minfo[39m: Database Connected Successfully
2023-11-29T09:54:45.403Z [32minfo[39m: Starting server at http://localhost:3009
2023-11-29T09:54:50.223Z [32minfo[39m: Database Connected Successfully
2023-11-29T09:54:50.239Z [32minfo[39m: Starting server at http://localhost:3009
2023-11-29T10:00:29.033Z [32minfo[39m: Database Connected Successfully
2023-11-29T10:00:29.053Z [32minfo[39m: Starting server at http://localhost:3009
2023-11-29T13:42:10.254Z [32minfo[39m: Database Connected Successfully
2023-11-29T13:42:10.266Z [32minfo[39m: Starting server at http://localhost:3009
2023-11-29T13:46:20.436Z [32minfo[39m: Database Connected Successfully
2023-11-29T13:46:20.441Z [32minfo[39m: Starting server at http://localhost:3009
2023-11-29T13:50:10.131Z [31merror[39m: jwt expired
2023-11-29T14:01:46.323Z [32minfo[39m: Database Connected Successfully
2023-11-29T14:01:46.336Z [32minfo[39m: Starting server at http://localhost:3009
2023-11-29T15:04:53.297Z [32minfo[39m: Database Connected Successfully
2023-11-29T15:04:53.319Z [32minfo[39m: Starting server at http://localhost:3009
2023-11-29T15:04:59.705Z [31merror[39m: jwt expired
2023-11-29T15:04:59.707Z [31merror[39m: invlaid token
2023-11-29T15:06:57.678Z [32minfo[39m: Database Connected Successfully
2023-11-29T15:06:57.689Z [32minfo[39m: Starting server at http://localhost:3009
2023-11-29T15:08:56.704Z [32minfo[39m: Database Connected Successfully
2023-11-29T15:08:56.711Z [32minfo[39m: Starting server at http://localhost:3009
2023-11-29T15:09:04.743Z [31merror[39m: jwt expired
2023-11-29T15:09:04.746Z [31merror[39m: Invalid verification token
2023-11-29T15:23:39.648Z [31merror[39m: connect ETIMEDOUT 13.39.215.222:27017
2023-11-29T15:23:39.990Z [31merror[39m: Error Connecting to MongoDB, Reason: connect ETIMEDOUT 13.39.215.222:27017
2023-11-29T15:40:26.861Z [32minfo[39m: Database Connected Successfully
2023-11-29T15:40:26.908Z [32minfo[39m: Starting server at http://localhost:3009
2023-11-29T15:41:15.653Z [32minfo[39m: Database Connected Successfully
2023-11-29T15:41:15.665Z [32minfo[39m: Starting server at http://localhost:3009
2023-11-29T15:41:40.695Z [32minfo[39m: Database Connected Successfully
2023-11-29T15:41:40.704Z [32minfo[39m: Starting server at http://localhost:3009
2023-11-29T15:44:15.658Z [32minfo[39m: Database Connected Successfully
2023-11-29T15:44:15.665Z [32minfo[39m: Starting server at http://localhost:3009
2023-11-29T15:49:20.878Z [32minfo[39m: Database Connected Successfully
2023-11-29T15:49:20.886Z [32minfo[39m: Starting server at http://localhost:3009
2023-11-29T15:51:58.571Z [32minfo[39m: Database Connected Successfully
2023-11-29T15:51:58.578Z [32minfo[39m: Starting server at http://localhost:3009
2023-11-29T15:54:39.509Z [32minfo[39m: Database Connected Successfully
2023-11-29T15:54:39.518Z [32minfo[39m: Starting server at http://localhost:3009
2023-11-29T16:22:48.769Z [32minfo[39m: Database Connected Successfully
2023-11-29T16:22:48.785Z [32minfo[39m: Starting server at http://localhost:3009
2023-11-29T16:25:16.570Z [32minfo[39m: Database Connected Successfully
2023-11-29T16:25:16.577Z [32minfo[39m: Starting server at http://localhost:3009
2023-11-29T16:26:49.584Z [32minfo[39m: Database Connected Successfully
2023-11-29T16:26:49.591Z [32minfo[39m: Starting server at http://localhost:3009
2023-11-29T16:27:02.195Z [31merror[39m: Invalid verification token
2023-11-29T16:27:02.196Z [31merror[39m: Invalid verification token
2023-11-29T16:34:02.781Z [31merror[39m: Invalid credentials
2023-11-29T16:35:54.708Z [32minfo[39m: Database Connected Successfully
2023-11-29T16:35:54.720Z [32minfo[39m: Starting server at http://localhost:3009
2023-11-29T16:35:58.067Z [31merror[39m: Invalid verification token
2023-11-29T16:35:58.068Z [31merror[39m: Invalid verification token
2023-11-29T16:36:04.762Z [31merror[39m: Invalid verification token
2023-11-29T16:36:04.763Z [31merror[39m: Invalid verification token
2023-11-29T16:36:47.028Z [32minfo[39m: Database Connected Successfully
2023-11-29T16:36:47.038Z [32minfo[39m: Starting server at http://localhost:3009
2023-11-29T16:39:24.859Z [32minfo[39m: Database Connected Successfully
2023-11-29T16:39:24.869Z [32minfo[39m: Starting server at http://localhost:3009
2023-11-29T16:41:37.356Z [32minfo[39m: User Data {"_id":"65676774470ad35bb88f41ce","deleted":false,"firstName":"John","lastName":"Doe","email":"test@gmail.com","status":"ACTIVE","verified":true,"token":"1da55b422dd5a358951f4c5102ec3f3270c5deb5","createdAt":"2023-11-29T16:31:48.973Z","updatedAt":"2023-11-29T16:32:24.116Z"}
2023-11-29T16:41:37.432Z [31merror[39m: Invalid credentials
2023-11-29T16:50:18.489Z [32minfo[39m: Database Connected Successfully
2023-11-29T16:50:18.499Z [32minfo[39m: Starting server at http://localhost:3009
2023-11-29T16:50:37.420Z [32minfo[39m: User Data {"_id":"65676774470ad35bb88f41ce","deleted":false,"firstName":"John","lastName":"Doe","email":"test@gmail.com","status":"ACTIVE","verified":true,"token":"1da55b422dd5a358951f4c5102ec3f3270c5deb5","createdAt":"2023-11-29T16:31:48.973Z","updatedAt":"2023-11-29T16:32:24.116Z"}
2023-11-29T16:50:37.493Z [31merror[39m: Invalid credentials
2023-11-29T16:52:45.042Z [32minfo[39m: Database Connected Successfully
2023-11-29T16:52:45.051Z [32minfo[39m: Starting server at http://localhost:3009
2023-11-29T16:52:48.927Z [32minfo[39m: User Data {"_id":"65676774470ad35bb88f41ce","deleted":false,"firstName":"John","lastName":"Doe","email":"test@gmail.com","password":"$2b$10$DZPIqSw1sh2dW2PFisLeEOXVseJNr3I3Yll6q9uJMt8qMVVeRieM2","status":"ACTIVE","verified":true,"token":"1da55b422dd5a358951f4c5102ec3f3270c5deb5","createdAt":"2023-11-29T16:31:48.973Z","updatedAt":"2023-11-29T16:32:24.116Z","__v":0}
2023-11-29T16:52:48.998Z [31merror[39m: Invalid credentials
2023-11-29T16:54:18.698Z [32minfo[39m: Database Connected Successfully
2023-11-29T16:54:18.706Z [32minfo[39m: Starting server at http://localhost:3009
2023-11-29T16:54:42.631Z [32minfo[39m: Database Connected Successfully
2023-11-29T16:54:42.640Z [32minfo[39m: Starting server at http://localhost:3009
2023-11-29T16:54:51.674Z [32minfo[39m: User Data {"_id":"65676cc14f0975a4539ca56d","deleted":false,"firstName":"John","lastName":"Doe","email":"teffst@gmail.com","password":"$2b$10$sQOARc3cUaQkEe2oJviq0eWYmJt/mCbPawdl00gALKcauB.mHdzXq","status":"ACTIVE","verified":false,"token":"71eef0604ac3b4218c5c2bb172eae9641eea395e","createdAt":"2023-11-29T16:54:25.483Z","updatedAt":"2023-11-29T16:54:25.483Z","__v":0}
2023-11-29T16:55:38.836Z [32minfo[39m: Database Connected Successfully
2023-11-29T16:55:38.844Z [32minfo[39m: Starting server at http://localhost:3009
2023-11-29T16:55:48.701Z [32minfo[39m: User Data {"_id":"65676cc14f0975a4539ca56d","deleted":false,"firstName":"John","lastName":"Doe","email":"teffst@gmail.com","password":"$2b$10$sQOARc3cUaQkEe2oJviq0eWYmJt/mCbPawdl00gALKcauB.mHdzXq","status":"ACTIVE","verified":false,"token":"71eef0604ac3b4218c5c2bb172eae9641eea395e","createdAt":"2023-11-29T16:54:25.483Z","updatedAt":"2023-11-29T16:54:25.483Z","__v":0}
2023-11-29T17:02:19.557Z [32minfo[39m: Database Connected Successfully
2023-11-29T17:02:19.576Z [32minfo[39m: Starting server at http://localhost:3009
2023-11-29T17:11:16.021Z [32minfo[39m: User Data {"_id":"65676cc14f0975a4539ca56d","deleted":false,"firstName":"John","lastName":"Doe","email":"teffst@gmail.com","password":"$2b$10$sQOARc3cUaQkEe2oJviq0eWYmJt/mCbPawdl00gALKcauB.mHdzXq","status":"ACTIVE","verified":false,"token":"71eef0604ac3b4218c5c2bb172eae9641eea395e","createdAt":"2023-11-29T16:54:25.483Z","updatedAt":"2023-11-29T16:54:25.483Z","__v":0}
2023-11-29T17:16:30.585Z [32minfo[39m: Database Connected Successfully
2023-11-29T17:16:30.605Z [32minfo[39m: Starting server at http://localhost:3009
2023-11-29T17:17:39.107Z [32minfo[39m: Database Connected Successfully
2023-11-29T17:17:39.115Z [32minfo[39m: Starting server at http://localhost:3009
2023-11-29T17:17:46.608Z [32minfo[39m: User Data {"_id":"65676cc14f0975a4539ca56d","deleted":false,"firstName":"John","lastName":"Doe","email":"teffst@gmail.com","password":"$2b$10$sQOARc3cUaQkEe2oJviq0eWYmJt/mCbPawdl00gALKcauB.mHdzXq","status":"ACTIVE","verified":false,"token":"71eef0604ac3b4218c5c2bb172eae9641eea395e","createdAt":"2023-11-29T16:54:25.483Z","updatedAt":"2023-11-29T16:54:25.483Z","__v":0}
2023-11-29T17:18:40.278Z [32minfo[39m: Database Connected Successfully
2023-11-29T17:18:40.289Z [32minfo[39m: Starting server at http://localhost:3009
2023-11-29T17:18:46.746Z [32minfo[39m: User Data {"_id":"65676cc14f0975a4539ca56d","deleted":false,"firstName":"John","lastName":"Doe","email":"teffst@gmail.com","password":"$2b$10$sQOARc3cUaQkEe2oJviq0eWYmJt/mCbPawdl00gALKcauB.mHdzXq","status":"ACTIVE","verified":false,"token":"71eef0604ac3b4218c5c2bb172eae9641eea395e","createdAt":"2023-11-29T16:54:25.483Z","updatedAt":"2023-11-29T16:54:25.483Z","__v":0}
2023-11-29T17:27:39.383Z [32minfo[39m: Database Connected Successfully
2023-11-29T17:27:39.389Z [32minfo[39m: Starting server at http://localhost:3009
2023-11-29T17:27:45.552Z [32minfo[39m: User Data {"_id":"65676cc14f0975a4539ca56d","deleted":false,"firstName":"John","lastName":"Doe","email":"teffst@gmail.com","password":"$2b$10$sQOARc3cUaQkEe2oJviq0eWYmJt/mCbPawdl00gALKcauB.mHdzXq","status":"ACTIVE","verified":false,"token":"71eef0604ac3b4218c5c2bb172eae9641eea395e","createdAt":"2023-11-29T16:54:25.483Z","updatedAt":"2023-11-29T16:54:25.483Z","__v":0}
2023-11-29T17:28:49.917Z [32minfo[39m: Database Connected Successfully
2023-11-29T17:28:49.927Z [32minfo[39m: Starting server at http://localhost:3009
2023-11-29T17:29:00.850Z [32minfo[39m: User Data {"_id":"65676cc14f0975a4539ca56d","deleted":false,"firstName":"John","lastName":"Doe","email":"teffst@gmail.com","password":"$2b$10$sQOARc3cUaQkEe2oJviq0eWYmJt/mCbPawdl00gALKcauB.mHdzXq","status":"ACTIVE","verified":false,"token":"71eef0604ac3b4218c5c2bb172eae9641eea395e","createdAt":"2023-11-29T16:54:25.483Z","updatedAt":"2023-11-29T16:54:25.483Z","__v":0}
2023-11-29T17:29:10.134Z [32minfo[39m: User Data {"_id":"65676774470ad35bb88f41ce","deleted":false,"firstName":"John","lastName":"Doe","email":"test@gmail.com","password":"$2b$10$DZPIqSw1sh2dW2PFisLeEOXVseJNr3I3Yll6q9uJMt8qMVVeRieM2","status":"ACTIVE","verified":true,"token":"1da55b422dd5a358951f4c5102ec3f3270c5deb5","createdAt":"2023-11-29T16:31:48.973Z","updatedAt":"2023-11-29T16:32:24.116Z","__v":0}
2023-11-29T17:29:10.208Z [31merror[39m: Invalid credentials
2023-11-29T17:30:01.039Z [32minfo[39m: Database Connected Successfully
2023-11-29T17:30:01.079Z [32minfo[39m: Starting server at http://localhost:3009
2023-11-29T17:31:33.488Z [31merror[39m: Invalid credentials
2023-11-29T17:32:58.044Z [32minfo[39m: Database Connected Successfully
2023-11-29T17:32:58.051Z [32minfo[39m: Starting server at http://localhost:3009
2023-11-29T17:34:20.229Z [32minfo[39m: Database Connected Successfully
2023-11-29T17:34:20.255Z [32minfo[39m: Starting server at http://localhost:3009
2023-11-29T17:36:46.552Z [31merror[39m: Please verify your account
2023-11-29T17:37:40.377Z [32minfo[39m: Database Connected Successfully
2023-11-29T17:37:40.399Z [32minfo[39m: Starting server at http://localhost:3009
2023-11-29T17:38:52.620Z [32minfo[39m: Database Connected Successfully
2023-11-29T17:38:52.627Z [32minfo[39m: Starting server at http://localhost:3009
2023-11-29T17:39:35.045Z [32minfo[39m: Database Connected Successfully
2023-11-29T17:39:35.053Z [32minfo[39m: Starting server at http://localhost:3009
2023-11-29T17:42:53.180Z [32minfo[39m: Database Connected Successfully
2023-11-29T17:42:53.189Z [32minfo[39m: Starting server at http://localhost:3009
2023-11-29T17:44:33.591Z [32minfo[39m: Database Connected Successfully
2023-11-29T17:44:33.600Z [32minfo[39m: Starting server at http://localhost:3009
2023-11-29T18:45:05.869Z [32minfo[39m: Database Connected Successfully
2023-11-29T18:45:06.137Z [32minfo[39m: Starting server at http://localhost:3009
2023-11-29T18:45:21.925Z [32minfo[39m: Database Connected Successfully
2023-11-29T18:45:21.933Z [32minfo[39m: Starting server at http://localhost:3009
2023-11-29T21:14:31.427Z [32minfo[39m: Database Connected Successfully
2023-11-29T21:14:31.955Z [32minfo[39m: Starting server at http://localhost:3009
2023-11-29T22:51:31.801Z [32minfo[39m: Database Connected Successfully
2023-11-29T22:51:31.809Z [32minfo[39m: Starting server at http://localhost:3005
